<?xml version="1.0" encoding="UTF-8"?>
<testsuite xmlns:xsi="http://www.w3.org/2001/XMLSchema-instance" xsi:noNamespaceSchemaLocation="https://maven.apache.org/surefire/maven-surefire-plugin/xsd/surefire-test-report.xsd" name="mathHomework.models.SHA256Test" time="0.143" tests="15" errors="0" skipped="0" failures="1">
  <properties>
[...]
</properties>
  <testcase name="testComputeIntermediateHash" classname="mathHomework.models.SHA256Test" time="0.031"/>
  <testcase name="testLowerSigma0" classname="mathHomework.models.SHA256Test" time="0"/>
  <testcase name="testLowerSigma1" classname="mathHomework.models.SHA256Test" time="0.001"/>
  <testcase name="testProcessRound" classname="mathHomework.models.SHA256Test" time="0.004"/>
  <testcase name="testHashComputation" classname="mathHomework.models.SHA256Test" time="0.012"/>
  <testcase name="testUpperSigma0" classname="mathHomework.models.SHA256Test" time="0.001"/>
  <testcase name="testUpperSigma1" classname="mathHomework.models.SHA256Test" time="0.001"/>
  <testcase name="testPrepareMessageSchedule" classname="mathHomework.models.SHA256Test" time="0.003"/>
  <testcase name="testPreprocessing" classname="mathHomework.models.SHA256Test" time="0.004"/>
  <testcase name="testAddOutput" classname="mathHomework.models.SHA256Test" time="0.002"/>
  <testcase name="testMajority" classname="mathHomework.models.SHA256Test" time="0.002"/>
  <testcase name="testSHA256UsingPublicKey" classname="mathHomework.models.SHA256Test" time="0.017"/>
  <testcase name="testChoice" classname="mathHomework.models.SHA256Test" time="0.001"/>
  <testcase name="testSHA256" classname="mathHomework.models.SHA256Test" time="0.032">
    <failure message="expected: &lt;f6c4d6736f912ffebe65fb1497aac2a111d037883f39b5d72ea0d39f216ed368&gt; but was: &lt;102a2ee88419b173693d32289ce7e22bedf3f3c763660aaf5828bfb188622d2d&gt;" type="org.opentest4j.AssertionFailedError"><![CDATA[org.opentest4j.AssertionFailedError: expected: <f6c4d6736f912ffebe65fb1497aac2a111d037883f39b5d72ea0d39f216ed368> but was: <102a2ee88419b173693d32289ce7e22bedf3f3c763660aaf5828bfb188622d2d>
	at mathHomework.models.SHA256Test.testSHA256(SHA256Test.java:39)
]]></failure>
  </testcase>
  <testcase name="testSHA256UsingDigest" classname="mathHomework.models.SHA256Test" time="0.001"/>
</testsuite>