<?xml version="1.0" encoding="UTF-8"?>
<testsuite xmlns:xsi="http://www.w3.org/2001/XMLSchema-instance" xsi:noNamespaceSchemaLocation="https://maven.apache.org/surefire/maven-surefire-plugin/xsd/surefire-test-report.xsd" name="mathHomework.utils.BitwiseFunctionTest" time="0.031" tests="18" errors="0" skipped="0" failures="0">
  <properties>
[...]
</properties>
  <testcase name="testLittleEndian" classname="mathHomework.utils.BitwiseFunctionTest" time="0"/>
  <testcase name="testLittleEndianBigInteger" classname="mathHomework.utils.BitwiseFunctionTest" time="0.001"/>
  <testcase name="testHexstringToString" classname="mathHomework.utils.BitwiseFunctionTest" time="0.002"/>
  <testcase name="testUnicodeToUtf8" classname="mathHomework.utils.BitwiseFunctionTest" time="0.001"/>
  <testcase name="testAllOnes" classname="mathHomework.utils.BitwiseFunctionTest" time="0.001"/>
  <testcase name="testUtf8ToUnicode" classname="mathHomework.utils.BitwiseFunctionTest" time="0.002"/>
  <testcase name="testHexToBin2" classname="mathHomework.utils.BitwiseFunctionTest" time="0.001"/>
  <testcase name="testBinToHex2" classname="mathHomework.utils.BitwiseFunctionTest" time="0.002"/>
  <testcase name="testLittleEndian2" classname="mathHomework.utils.BitwiseFunctionTest" time="0"/>
  <testcase name="testLittleEndian3" classname="mathHomework.utils.BitwiseFunctionTest" time="0"/>
  <testcase name="testLittleEndian4" classname="mathHomework.utils.BitwiseFunctionTest" time="0.003"/>
  <testcase name="testHexToBin" classname="mathHomework.utils.BitwiseFunctionTest" time="0"/>
  <testcase name="testByteArrayToHexString" classname="mathHomework.utils.BitwiseFunctionTest" time="0"/>
  <testcase name="testReverseArray" classname="mathHomework.utils.BitwiseFunctionTest" time="0.001"/>
  <testcase name="testCyclicRightShift" classname="mathHomework.utils.BitwiseFunctionTest" time="0.001"/>
  <testcase name="testCyclicLeftShift" classname="mathHomework.utils.BitwiseFunctionTest" time="0.001"/>
  <testcase name="testBinToHex" classname="mathHomework.utils.BitwiseFunctionTest" time="0.002"/>
  <testcase name="testCyclicShift" classname="mathHomework.utils.BitwiseFunctionTest" time="0"/>
</testsuite>