<?xml version="1.0" encoding="UTF-8"?>
<testsuite xmlns:xsi="http://www.w3.org/2001/XMLSchema-instance" xsi:noNamespaceSchemaLocation="https://maven.apache.org/surefire/maven-surefire-plugin/xsd/surefire-test-report.xsd" name="mathHomework.models.SHA256Test" time="0.138" tests="12" errors="1" skipped="0" failures="6">
  <properties>
[...]
</properties>
  <testcase name="testLowerSigma0" classname="mathHomework.models.SHA256Test" time="0.052">
    <failure message="expected: &lt;10742657136&gt; but was: &lt;1074267136&gt;" type="org.opentest4j.AssertionFailedError"><![CDATA[org.opentest4j.AssertionFailedError: expected: <10742657136> but was: <1074267136>
	at mathHomework.models.SHA256Test.testLowerSigma0(SHA256Test.java:83)
]]></failure>
  </testcase>
  <testcase name="testLowerSigma1" classname="mathHomework.models.SHA256Test" time="0.003">
    <failure message="expected: &lt;107442267136&gt; but was: &lt;1074267136&gt;" type="org.opentest4j.AssertionFailedError"><![CDATA[org.opentest4j.AssertionFailedError: expected: <107442267136> but was: <1074267136>
	at mathHomework.models.SHA256Test.testLowerSigma1(SHA256Test.java:90)
]]></failure>
  </testcase>
  <testcase name="testHashComputation" classname="mathHomework.models.SHA256Test" time="0.005">
    <error message="Index 0 out of bounds for length 0" type="java.lang.ArrayIndexOutOfBoundsException">java.lang.ArrayIndexOutOfBoundsException: Index 0 out of bounds for length 0
	at mathHomework.models.SHA256Test.testHashComputation(SHA256Test.java:54)
</error>
  </testcase>
  <testcase name="testUpperSigma0" classname="mathHomework.models.SHA256Test" time="0.002"/>
  <testcase name="testUpperSigma1" classname="mathHomework.models.SHA256Test" time="0.002">
    <failure message="expected: &lt;107422467136&gt; but was: &lt;1074267136&gt;" type="org.opentest4j.AssertionFailedError"><![CDATA[org.opentest4j.AssertionFailedError: expected: <107422467136> but was: <1074267136>
	at mathHomework.models.SHA256Test.testUpperSigma1(SHA256Test.java:76)
]]></failure>
  </testcase>
  <testcase name="testPreprocessing" classname="mathHomework.models.SHA256Test" time="0.004"/>
  <testcase name="testAddOutput" classname="mathHomework.models.SHA256Test" time="0.001"/>
  <testcase name="testMajority" classname="mathHomework.models.SHA256Test" time="0.001">
    <failure message="expected: &lt;10742671136&gt; but was: &lt;1074267136&gt;" type="org.opentest4j.AssertionFailedError"><![CDATA[org.opentest4j.AssertionFailedError: expected: <10742671136> but was: <1074267136>
	at mathHomework.models.SHA256Test.testMajority(SHA256Test.java:104)
]]></failure>
  </testcase>
  <testcase name="testSHA256UsingPublicKey" classname="mathHomework.models.SHA256Test" time="0.015"/>
  <testcase name="testChoice" classname="mathHomework.models.SHA256Test" time="0.002">
    <failure message="expected: &lt;10742671136&gt; but was: &lt;1074267136&gt;" type="org.opentest4j.AssertionFailedError"><![CDATA[org.opentest4j.AssertionFailedError: expected: <10742671136> but was: <1074267136>
	at mathHomework.models.SHA256Test.testChoice(SHA256Test.java:97)
]]></failure>
  </testcase>
  <testcase name="testSHA256" classname="mathHomework.models.SHA256Test" time="0.022">
    <failure message="expected: &lt;f6c4d6736f912ffebe65fb1497aac2a111d037883f39b5d72ea0d39f216ed368&gt; but was: &lt;&gt;" type="org.opentest4j.AssertionFailedError"><![CDATA[org.opentest4j.AssertionFailedError: expected: <f6c4d6736f912ffebe65fb1497aac2a111d037883f39b5d72ea0d39f216ed368> but was: <>
	at mathHomework.models.SHA256Test.testSHA256(SHA256Test.java:36)
]]></failure>
  </testcase>
  <testcase name="testSHA256UsingDigest" classname="mathHomework.models.SHA256Test" time="0.001"/>
</testsuite>