<?xml version="1.0" encoding="UTF-8"?>
<testsuite xmlns:xsi="http://www.w3.org/2001/XMLSchema-instance" xsi:noNamespaceSchemaLocation="https://maven.apache.org/surefire/maven-surefire-plugin/xsd/surefire-test-report.xsd" name="RIPEMD160Test" time="0" tests="1" errors="0" skipped="0" failures="1">
  <properties>
[...]
</properties>
  <testcase name="testRIPEMD160" classname="RIPEMD160Test" time="0">
    <failure message="expected: &lt;&gt; but was: &lt;f3cd5ddd30ad4d28f13cf195786f2e95e8914b22&gt;" type="org.opentest4j.AssertionFailedError"><![CDATA[org.opentest4j.AssertionFailedError: expected: <> but was: <f3cd5ddd30ad4d28f13cf195786f2e95e8914b22>
	at RIPEMD160Test.testRIPEMD160(RIPEMD160Test.java:10)
]]></failure>
  </testcase>
</testsuite>