<?xml version="1.0" encoding="UTF-8"?>
<testsuite xmlns:xsi="http://www.w3.org/2001/XMLSchema-instance" xsi:noNamespaceSchemaLocation="https://maven.apache.org/surefire/maven-surefire-plugin/xsd/surefire-test-report.xsd" name="mathHomework.models.SHA256Test" time="0.138" tests="12" errors="1" skipped="0" failures="6">
  <properties>
    <property name="awt.toolkit" value="sun.awt.X11.XToolkit"/>
    <property name="java.specification.version" value="11"/>
    <property name="sun.cpu.isalist" value=""/>
    <property name="sun.jnu.encoding" value="UTF-8"/>
    <property name="java.class.path" value="/home/robbie/IdeaProjects/mathHomework/target/test-classes:/home/robbie/IdeaProjects/mathHomework/target/classes:/home/robbie/.m2/repository/com/google/collections/google-collections/1.0/google-collections-1.0.jar:/home/robbie/.m2/repository/commons-codec/commons-codec/1.12/commons-codec-1.12.jar:/home/robbie/.m2/repository/org/junit/jupiter/junit-jupiter/5.6.0/junit-jupiter-5.6.0.jar:/home/robbie/.m2/repository/org/junit/jupiter/junit-jupiter-api/5.6.0/junit-jupiter-api-5.6.0.jar:/home/robbie/.m2/repository/org/apiguardian/apiguardian-api/1.1.0/apiguardian-api-1.1.0.jar:/home/robbie/.m2/repository/org/opentest4j/opentest4j/1.2.0/opentest4j-1.2.0.jar:/home/robbie/.m2/repository/org/junit/platform/junit-platform-commons/1.6.0/junit-platform-commons-1.6.0.jar:/home/robbie/.m2/repository/org/junit/jupiter/junit-jupiter-params/5.6.0/junit-jupiter-params-5.6.0.jar:/home/robbie/.m2/repository/org/junit/jupiter/junit-jupiter-engine/5.6.0/junit-jupiter-engine-5.6.0.jar:/home/robbie/.m2/repository/org/junit/platform/junit-platform-engine/1.6.0/junit-platform-engine-1.6.0.jar:"/>
    <property name="java.vm.vendor" value="JetBrains s.r.o"/>
    <property name="sun.arch.data.model" value="64"/>
    <property name="java.vendor.url" value="https://www.jetbrains.com/"/>
    <property name="user.timezone" value=""/>
    <property name="java.vm.specification.version" value="11"/>
    <property name="os.name" value="Linux"/>
    <property name="sun.java.launcher" value="SUN_STANDARD"/>
    <property name="user.country" value="US"/>
    <property name="sun.boot.library.path" value="/opt/idea-IU-193.6015.39/jbr/lib"/>
    <property name="sun.java.command" value="/home/robbie/IdeaProjects/mathHomework/target/surefire/surefirebooter8196290359526311399.jar /home/robbie/IdeaProjects/mathHomework/target/surefire 2020-02-12T02-35-04_567-jvmRun1 surefire17689839746056491357tmp surefire_011274898687615054553tmp"/>
    <property name="jdk.debug" value="release"/>
    <property name="surefire.test.class.path" value="/home/robbie/IdeaProjects/mathHomework/target/test-classes:/home/robbie/IdeaProjects/mathHomework/target/classes:/home/robbie/.m2/repository/com/google/collections/google-collections/1.0/google-collections-1.0.jar:/home/robbie/.m2/repository/commons-codec/commons-codec/1.12/commons-codec-1.12.jar:/home/robbie/.m2/repository/org/junit/jupiter/junit-jupiter/5.6.0/junit-jupiter-5.6.0.jar:/home/robbie/.m2/repository/org/junit/jupiter/junit-jupiter-api/5.6.0/junit-jupiter-api-5.6.0.jar:/home/robbie/.m2/repository/org/apiguardian/apiguardian-api/1.1.0/apiguardian-api-1.1.0.jar:/home/robbie/.m2/repository/org/opentest4j/opentest4j/1.2.0/opentest4j-1.2.0.jar:/home/robbie/.m2/repository/org/junit/platform/junit-platform-commons/1.6.0/junit-platform-commons-1.6.0.jar:/home/robbie/.m2/repository/org/junit/jupiter/junit-jupiter-params/5.6.0/junit-jupiter-params-5.6.0.jar:/home/robbie/.m2/repository/org/junit/jupiter/junit-jupiter-engine/5.6.0/junit-jupiter-engine-5.6.0.jar:/home/robbie/.m2/repository/org/junit/platform/junit-platform-engine/1.6.0/junit-platform-engine-1.6.0.jar:"/>
    <property name="sun.cpu.endian" value="little"/>
    <property name="user.home" value="/home/robbie"/>
    <property name="user.language" value="en"/>
    <property name="java.specification.vendor" value="Oracle Corporation"/>
    <property name="java.version.date" value="2019-10-15"/>
    <property name="java.home" value="/opt/idea-IU-193.6015.39/jbr"/>
    <property name="file.separator" value="/"/>
    <property name="basedir" value="/home/robbie/IdeaProjects/mathHomework"/>
    <property name="java.vm.compressedOopsMode" value="Zero based"/>
    <property name="line.separator" value="&#10;"/>
    <property name="java.specification.name" value="Java Platform API Specification"/>
    <property name="java.vm.specification.vendor" value="Oracle Corporation"/>
    <property name="java.awt.graphicsenv" value="sun.awt.X11GraphicsEnvironment"/>
    <property name="surefire.real.class.path" value="/home/robbie/IdeaProjects/mathHomework/target/surefire/surefirebooter8196290359526311399.jar"/>
    <property name="sun.management.compiler" value="HotSpot 64-Bit Tiered Compilers"/>
    <property name="java.runtime.version" value="11.0.5+10-b520.30"/>
    <property name="user.name" value="robbie"/>
    <property name="path.separator" value=":"/>
    <property name="os.version" value="4.18.0-10-generic"/>
    <property name="java.runtime.name" value="OpenJDK Runtime Environment"/>
    <property name="file.encoding" value="UTF-8"/>
    <property name="java.vm.name" value="OpenJDK 64-Bit Server VM"/>
    <property name="localRepository" value="/home/robbie/.m2/repository"/>
    <property name="java.vendor.url.bug" value="https://youtrack.jetbrains.com"/>
    <property name="java.io.tmpdir" value="/tmp"/>
    <property name="java.version" value="11.0.5"/>
    <property name="user.dir" value="/home/robbie/IdeaProjects/mathHomework"/>
    <property name="os.arch" value="amd64"/>
    <property name="java.vm.specification.name" value="Java Virtual Machine Specification"/>
    <property name="java.awt.printerjob" value="sun.print.PSPrinterJob"/>
    <property name="sun.os.patch.level" value="unknown"/>
    <property name="java.library.path" value="/usr/java/packages/lib:/usr/lib64:/lib64:/lib:/usr/lib"/>
    <property name="idea.version2019.3.2" value="true"/>
    <property name="java.vendor" value="JetBrains s.r.o"/>
    <property name="java.vm.info" value="mixed mode"/>
    <property name="java.vm.version" value="11.0.5+10-b520.30"/>
    <property name="sun.io.unicode.encoding" value="UnicodeLittle"/>
    <property name="java.class.version" value="55.0"/>
  </properties>
  <testcase name="testLowerSigma0" classname="mathHomework.models.SHA256Test" time="0.052">
    <failure message="expected: &lt;10742657136&gt; but was: &lt;1074267136&gt;" type="org.opentest4j.AssertionFailedError"><![CDATA[org.opentest4j.AssertionFailedError: expected: <10742657136> but was: <1074267136>
	at mathHomework.models.SHA256Test.testLowerSigma0(SHA256Test.java:83)
]]></failure>
  </testcase>
  <testcase name="testLowerSigma1" classname="mathHomework.models.SHA256Test" time="0.003">
    <failure message="expected: &lt;107442267136&gt; but was: &lt;1074267136&gt;" type="org.opentest4j.AssertionFailedError"><![CDATA[org.opentest4j.AssertionFailedError: expected: <107442267136> but was: <1074267136>
	at mathHomework.models.SHA256Test.testLowerSigma1(SHA256Test.java:90)
]]></failure>
  </testcase>
  <testcase name="testHashComputation" classname="mathHomework.models.SHA256Test" time="0.005">
    <error message="Index 0 out of bounds for length 0" type="java.lang.ArrayIndexOutOfBoundsException">java.lang.ArrayIndexOutOfBoundsException: Index 0 out of bounds for length 0
	at mathHomework.models.SHA256Test.testHashComputation(SHA256Test.java:54)
</error>
  </testcase>
  <testcase name="testUpperSigma0" classname="mathHomework.models.SHA256Test" time="0.002"/>
  <testcase name="testUpperSigma1" classname="mathHomework.models.SHA256Test" time="0.002">
    <failure message="expected: &lt;107422467136&gt; but was: &lt;1074267136&gt;" type="org.opentest4j.AssertionFailedError"><![CDATA[org.opentest4j.AssertionFailedError: expected: <107422467136> but was: <1074267136>
	at mathHomework.models.SHA256Test.testUpperSigma1(SHA256Test.java:76)
]]></failure>
  </testcase>
  <testcase name="testPreprocessing" classname="mathHomework.models.SHA256Test" time="0.004"/>
  <testcase name="testAddOutput" classname="mathHomework.models.SHA256Test" time="0.001"/>
  <testcase name="testMajority" classname="mathHomework.models.SHA256Test" time="0.001">
    <failure message="expected: &lt;10742671136&gt; but was: &lt;1074267136&gt;" type="org.opentest4j.AssertionFailedError"><![CDATA[org.opentest4j.AssertionFailedError: expected: <10742671136> but was: <1074267136>
	at mathHomework.models.SHA256Test.testMajority(SHA256Test.java:104)
]]></failure>
  </testcase>
  <testcase name="testSHA256UsingPublicKey" classname="mathHomework.models.SHA256Test" time="0.015"/>
  <testcase name="testChoice" classname="mathHomework.models.SHA256Test" time="0.002">
    <failure message="expected: &lt;10742671136&gt; but was: &lt;1074267136&gt;" type="org.opentest4j.AssertionFailedError"><![CDATA[org.opentest4j.AssertionFailedError: expected: <10742671136> but was: <1074267136>
	at mathHomework.models.SHA256Test.testChoice(SHA256Test.java:97)
]]></failure>
  </testcase>
  <testcase name="testSHA256" classname="mathHomework.models.SHA256Test" time="0.022">
    <failure message="expected: &lt;f6c4d6736f912ffebe65fb1497aac2a111d037883f39b5d72ea0d39f216ed368&gt; but was: &lt;&gt;" type="org.opentest4j.AssertionFailedError"><![CDATA[org.opentest4j.AssertionFailedError: expected: <f6c4d6736f912ffebe65fb1497aac2a111d037883f39b5d72ea0d39f216ed368> but was: <>
	at mathHomework.models.SHA256Test.testSHA256(SHA256Test.java:36)
]]></failure>
  </testcase>
  <testcase name="testSHA256UsingDigest" classname="mathHomework.models.SHA256Test" time="0.001"/>
</testsuite>