<?xml version="1.0" encoding="UTF-8"?>
<testsuite xmlns:xsi="http://www.w3.org/2001/XMLSchema-instance" xsi:noNamespaceSchemaLocation="https://maven.apache.org/surefire/maven-surefire-plugin/xsd/surefire-test-report.xsd" name="mathHomework.models.BitBufferTest" time="0.011" tests="4" errors="0" skipped="0" failures="0">
  <properties>
[...]
</properties>
  <testcase name="writeBits" classname="mathHomework.models.BitBufferTest" time="0.006"/>
  <testcase name="readBits" classname="mathHomework.models.BitBufferTest" time="0"/>
  <testcase name="clear" classname="mathHomework.models.BitBufferTest" time="0"/>
  <testcase name="position" classname="mathHomework.models.BitBufferTest" time="0"/>
</testsuite>